{"/Users/hrithikeshthulluri/Downloads/remotion-main/qr-access-backend/controllers/qrController.js": {"path":"/Users/hrithikeshthulluri/Downloads/remotion-main/qr-access-backend/controllers/qrController.js","statementMap":{"0":{"start":{"line":1,"column":15},"end":{"line":1,"column":43}},"1":{"start":{"line":2,"column":47},"end":{"line":2,"column":81}},"2":{"start":{"line":3,"column":20},"end":{"line":3,"column":51}},"3":{"start":{"line":6,"column":27},"end":{"line":6,"column":79}},"4":{"start":{"line":26,"column":19},"end":{"line":125,"column":1}},"5":{"start":{"line":27,"column":2},"end":{"line":124,"column":3}},"6":{"start":{"line":28,"column":54},"end":{"line":28,"column":62}},"7":{"start":{"line":29,"column":21},"end":{"line":29,"column":73}},"8":{"start":{"line":32,"column":4},"end":{"line":40,"column":5}},"9":{"start":{"line":33,"column":6},"end":{"line":35,"column":9}},"10":{"start":{"line":36,"column":6},"end":{"line":39,"column":9}},"11":{"start":{"line":43,"column":22},"end":{"line":43,"column":89}},"12":{"start":{"line":46,"column":4},"end":{"line":113,"column":6}},"13":{"start":{"line":51,"column":8},"end":{"line":61,"column":9}},"14":{"start":{"line":52,"column":10},"end":{"line":52,"column":66}},"15":{"start":{"line":53,"column":10},"end":{"line":56,"column":13}},"16":{"start":{"line":57,"column":10},"end":{"line":60,"column":13}},"17":{"start":{"line":65,"column":8},"end":{"line":76,"column":9}},"18":{"start":{"line":66,"column":10},"end":{"line":66,"column":43}},"19":{"start":{"line":68,"column":10},"end":{"line":68,"column":59}},"20":{"start":{"line":69,"column":10},"end":{"line":71,"column":13}},"21":{"start":{"line":72,"column":10},"end":{"line":75,"column":13}},"22":{"start":{"line":79,"column":8},"end":{"line":111,"column":10}},"23":{"start":{"line":84,"column":12},"end":{"line":93,"column":13}},"24":{"start":{"line":85,"column":14},"end":{"line":85,"column":69}},"25":{"start":{"line":86,"column":14},"end":{"line":88,"column":17}},"26":{"start":{"line":89,"column":14},"end":{"line":92,"column":17}},"27":{"start":{"line":95,"column":12},"end":{"line":95,"column":85}},"28":{"start":{"line":96,"column":12},"end":{"line":99,"column":15}},"29":{"start":{"line":101,"column":12},"end":{"line":109,"column":15}},"30":{"start":{"line":115,"column":4},"end":{"line":115,"column":56}},"31":{"start":{"line":116,"column":4},"end":{"line":119,"column":7}},"32":{"start":{"line":120,"column":4},"end":{"line":123,"column":7}},"33":{"start":{"line":139,"column":20},"end":{"line":261,"column":1}},"34":{"start":{"line":140,"column":2},"end":{"line":260,"column":3}},"35":{"start":{"line":141,"column":22},"end":{"line":141,"column":31}},"36":{"start":{"line":142,"column":21},"end":{"line":142,"column":73}},"37":{"start":{"line":144,"column":4},"end":{"line":152,"column":5}},"38":{"start":{"line":145,"column":6},"end":{"line":147,"column":9}},"39":{"start":{"line":148,"column":6},"end":{"line":151,"column":9}},"40":{"start":{"line":155,"column":4},"end":{"line":163,"column":5}},"41":{"start":{"line":156,"column":6},"end":{"line":158,"column":9}},"42":{"start":{"line":159,"column":6},"end":{"line":162,"column":9}},"43":{"start":{"line":166,"column":4},"end":{"line":249,"column":6}},"44":{"start":{"line":174,"column":8},"end":{"line":184,"column":9}},"45":{"start":{"line":175,"column":10},"end":{"line":175,"column":65}},"46":{"start":{"line":176,"column":10},"end":{"line":179,"column":13}},"47":{"start":{"line":180,"column":10},"end":{"line":183,"column":13}},"48":{"start":{"line":186,"column":8},"end":{"line":194,"column":9}},"49":{"start":{"line":187,"column":10},"end":{"line":189,"column":13}},"50":{"start":{"line":190,"column":10},"end":{"line":193,"column":13}},"51":{"start":{"line":197,"column":20},"end":{"line":197,"column":30}},"52":{"start":{"line":198,"column":26},"end":{"line":198,"column":49}},"53":{"start":{"line":200,"column":8},"end":{"line":211,"column":9}},"54":{"start":{"line":201,"column":10},"end":{"line":204,"column":13}},"55":{"start":{"line":205,"column":10},"end":{"line":210,"column":13}},"56":{"start":{"line":214,"column":8},"end":{"line":222,"column":10}},"57":{"start":{"line":218,"column":12},"end":{"line":220,"column":13}},"58":{"start":{"line":219,"column":14},"end":{"line":219,"column":88}},"59":{"start":{"line":224,"column":8},"end":{"line":227,"column":11}},"60":{"start":{"line":229,"column":8},"end":{"line":247,"column":11}},"61":{"start":{"line":251,"column":4},"end":{"line":251,"column":57}},"62":{"start":{"line":252,"column":4},"end":{"line":255,"column":7}},"63":{"start":{"line":256,"column":4},"end":{"line":259,"column":7}},"64":{"start":{"line":281,"column":16},"end":{"line":435,"column":1}},"65":{"start":{"line":282,"column":2},"end":{"line":434,"column":3}},"66":{"start":{"line":283,"column":22},"end":{"line":283,"column":30}},"67":{"start":{"line":284,"column":21},"end":{"line":284,"column":73}},"68":{"start":{"line":286,"column":4},"end":{"line":294,"column":5}},"69":{"start":{"line":287,"column":6},"end":{"line":289,"column":9}},"70":{"start":{"line":290,"column":6},"end":{"line":293,"column":9}},"71":{"start":{"line":296,"column":4},"end":{"line":304,"column":5}},"72":{"start":{"line":297,"column":6},"end":{"line":299,"column":9}},"73":{"start":{"line":300,"column":6},"end":{"line":303,"column":9}},"74":{"start":{"line":307,"column":4},"end":{"line":423,"column":6}},"75":{"start":{"line":313,"column":8},"end":{"line":323,"column":9}},"76":{"start":{"line":314,"column":10},"end":{"line":314,"column":68}},"77":{"start":{"line":315,"column":10},"end":{"line":318,"column":13}},"78":{"start":{"line":319,"column":10},"end":{"line":322,"column":13}},"79":{"start":{"line":325,"column":8},"end":{"line":333,"column":9}},"80":{"start":{"line":326,"column":10},"end":{"line":328,"column":13}},"81":{"start":{"line":329,"column":10},"end":{"line":332,"column":13}},"82":{"start":{"line":335,"column":25},"end":{"line":335,"column":38}},"83":{"start":{"line":336,"column":26},"end":{"line":336,"column":49}},"84":{"start":{"line":337,"column":20},"end":{"line":337,"column":30}},"85":{"start":{"line":340,"column":8},"end":{"line":352,"column":9}},"86":{"start":{"line":341,"column":10},"end":{"line":344,"column":13}},"87":{"start":{"line":345,"column":10},"end":{"line":351,"column":13}},"88":{"start":{"line":355,"column":8},"end":{"line":367,"column":9}},"89":{"start":{"line":356,"column":10},"end":{"line":360,"column":13}},"90":{"start":{"line":361,"column":10},"end":{"line":366,"column":13}},"91":{"start":{"line":371,"column":28},"end":{"line":371,"column":52}},"92":{"start":{"line":372,"column":8},"end":{"line":421,"column":10}},"93":{"start":{"line":378,"column":12},"end":{"line":388,"column":13}},"94":{"start":{"line":379,"column":14},"end":{"line":379,"column":72}},"95":{"start":{"line":380,"column":14},"end":{"line":383,"column":17}},"96":{"start":{"line":384,"column":14},"end":{"line":387,"column":17}},"97":{"start":{"line":391,"column":12},"end":{"line":402,"column":13}},"98":{"start":{"line":393,"column":14},"end":{"line":396,"column":17}},"99":{"start":{"line":397,"column":14},"end":{"line":401,"column":17}},"100":{"start":{"line":404,"column":12},"end":{"line":404,"column":81}},"101":{"start":{"line":406,"column":12},"end":{"line":409,"column":15}},"102":{"start":{"line":411,"column":12},"end":{"line":419,"column":15}},"103":{"start":{"line":425,"column":4},"end":{"line":425,"column":53}},"104":{"start":{"line":426,"column":4},"end":{"line":429,"column":7}},"105":{"start":{"line":430,"column":4},"end":{"line":433,"column":7}},"106":{"start":{"line":447,"column":22},"end":{"line":534,"column":1}},"107":{"start":{"line":448,"column":2},"end":{"line":533,"column":3}},"108":{"start":{"line":449,"column":22},"end":{"line":449,"column":31}},"109":{"start":{"line":450,"column":21},"end":{"line":450,"column":73}},"110":{"start":{"line":452,"column":4},"end":{"line":457,"column":5}},"111":{"start":{"line":453,"column":6},"end":{"line":456,"column":9}},"112":{"start":{"line":459,"column":4},"end":{"line":467,"column":5}},"113":{"start":{"line":460,"column":6},"end":{"line":462,"column":9}},"114":{"start":{"line":463,"column":6},"end":{"line":466,"column":9}},"115":{"start":{"line":470,"column":4},"end":{"line":522,"column":6}},"116":{"start":{"line":476,"column":8},"end":{"line":486,"column":9}},"117":{"start":{"line":477,"column":10},"end":{"line":477,"column":68}},"118":{"start":{"line":478,"column":10},"end":{"line":481,"column":13}},"119":{"start":{"line":482,"column":10},"end":{"line":485,"column":13}},"120":{"start":{"line":488,"column":8},"end":{"line":496,"column":9}},"121":{"start":{"line":489,"column":10},"end":{"line":491,"column":13}},"122":{"start":{"line":492,"column":10},"end":{"line":495,"column":13}},"123":{"start":{"line":499,"column":20},"end":{"line":499,"column":30}},"124":{"start":{"line":500,"column":26},"end":{"line":500,"column":49}},"125":{"start":{"line":501,"column":26},"end":{"line":501,"column":41}},"126":{"start":{"line":503,"column":8},"end":{"line":507,"column":11}},"127":{"start":{"line":509,"column":8},"end":{"line":520,"column":11}},"128":{"start":{"line":524,"column":4},"end":{"line":524,"column":59}},"129":{"start":{"line":525,"column":4},"end":{"line":528,"column":7}},"130":{"start":{"line":529,"column":4},"end":{"line":532,"column":7}},"131":{"start":{"line":536,"column":0},"end":{"line":541,"column":2}}},"fnMap":{"0":{"name":"(anonymous_0)","decl":{"start":{"line":26,"column":19},"end":{"line":26,"column":20}},"loc":{"start":{"line":26,"column":33},"end":{"line":125,"column":1}},"line":26},"1":{"name":"(anonymous_1)","decl":{"start":{"line":50,"column":6},"end":{"line":50,"column":7}},"loc":{"start":{"line":50,"column":20},"end":{"line":112,"column":7}},"line":50},"2":{"name":"(anonymous_2)","decl":{"start":{"line":83,"column":10},"end":{"line":83,"column":11}},"loc":{"start":{"line":83,"column":24},"end":{"line":110,"column":11}},"line":83},"3":{"name":"(anonymous_3)","decl":{"start":{"line":139,"column":20},"end":{"line":139,"column":21}},"loc":{"start":{"line":139,"column":34},"end":{"line":261,"column":1}},"line":139},"4":{"name":"(anonymous_4)","decl":{"start":{"line":173,"column":6},"end":{"line":173,"column":7}},"loc":{"start":{"line":173,"column":20},"end":{"line":248,"column":7}},"line":173},"5":{"name":"(anonymous_5)","decl":{"start":{"line":217,"column":10},"end":{"line":217,"column":11}},"loc":{"start":{"line":217,"column":25},"end":{"line":221,"column":11}},"line":217},"6":{"name":"(anonymous_6)","decl":{"start":{"line":281,"column":16},"end":{"line":281,"column":17}},"loc":{"start":{"line":281,"column":30},"end":{"line":435,"column":1}},"line":281},"7":{"name":"(anonymous_7)","decl":{"start":{"line":312,"column":6},"end":{"line":312,"column":7}},"loc":{"start":{"line":312,"column":20},"end":{"line":422,"column":7}},"line":312},"8":{"name":"(anonymous_8)","decl":{"start":{"line":377,"column":10},"end":{"line":377,"column":11}},"loc":{"start":{"line":377,"column":24},"end":{"line":420,"column":11}},"line":377},"9":{"name":"(anonymous_9)","decl":{"start":{"line":447,"column":22},"end":{"line":447,"column":23}},"loc":{"start":{"line":447,"column":36},"end":{"line":534,"column":1}},"line":447},"10":{"name":"(anonymous_10)","decl":{"start":{"line":475,"column":6},"end":{"line":475,"column":7}},"loc":{"start":{"line":475,"column":20},"end":{"line":521,"column":7}},"line":475}},"branchMap":{"0":{"loc":{"start":{"line":6,"column":36},"end":{"line":6,"column":74}},"type":"binary-expr","locations":[{"start":{"line":6,"column":36},"end":{"line":6,"column":66}},{"start":{"line":6,"column":70},"end":{"line":6,"column":74}}],"line":6},"1":{"loc":{"start":{"line":29,"column":21},"end":{"line":29,"column":73}},"type":"binary-expr","locations":[{"start":{"line":29,"column":21},"end":{"line":29,"column":27}},{"start":{"line":29,"column":31},"end":{"line":29,"column":60}},{"start":{"line":29,"column":64},"end":{"line":29,"column":73}}],"line":29},"2":{"loc":{"start":{"line":32,"column":4},"end":{"line":40,"column":5}},"type":"if","locations":[{"start":{"line":32,"column":4},"end":{"line":40,"column":5}},{"start":{},"end":{}}],"line":32},"3":{"loc":{"start":{"line":32,"column":8},"end":{"line":32,"column":27}},"type":"binary-expr","locations":[{"start":{"line":32,"column":8},"end":{"line":32,"column":18}},{"start":{"line":32,"column":22},"end":{"line":32,"column":27}}],"line":32},"4":{"loc":{"start":{"line":49,"column":24},"end":{"line":49,"column":37}},"type":"binary-expr","locations":[{"start":{"line":49,"column":24},"end":{"line":49,"column":29}},{"start":{"line":49,"column":33},"end":{"line":49,"column":37}}],"line":49},"5":{"loc":{"start":{"line":49,"column":39},"end":{"line":49,"column":53}},"type":"binary-expr","locations":[{"start":{"line":49,"column":39},"end":{"line":49,"column":45}},{"start":{"line":49,"column":49},"end":{"line":49,"column":53}}],"line":49},"6":{"loc":{"start":{"line":49,"column":55},"end":{"line":49,"column":68}},"type":"binary-expr","locations":[{"start":{"line":49,"column":55},"end":{"line":49,"column":60}},{"start":{"line":49,"column":64},"end":{"line":49,"column":68}}],"line":49},"7":{"loc":{"start":{"line":51,"column":8},"end":{"line":61,"column":9}},"type":"if","locations":[{"start":{"line":51,"column":8},"end":{"line":61,"column":9}},{"start":{},"end":{}}],"line":51},"8":{"loc":{"start":{"line":84,"column":12},"end":{"line":93,"column":13}},"type":"if","locations":[{"start":{"line":84,"column":12},"end":{"line":93,"column":13}},{"start":{},"end":{}}],"line":84},"9":{"loc":{"start":{"line":142,"column":21},"end":{"line":142,"column":73}},"type":"binary-expr","locations":[{"start":{"line":142,"column":21},"end":{"line":142,"column":27}},{"start":{"line":142,"column":31},"end":{"line":142,"column":60}},{"start":{"line":142,"column":64},"end":{"line":142,"column":73}}],"line":142},"10":{"loc":{"start":{"line":144,"column":4},"end":{"line":152,"column":5}},"type":"if","locations":[{"start":{"line":144,"column":4},"end":{"line":152,"column":5}},{"start":{},"end":{}}],"line":144},"11":{"loc":{"start":{"line":155,"column":4},"end":{"line":163,"column":5}},"type":"if","locations":[{"start":{"line":155,"column":4},"end":{"line":163,"column":5}},{"start":{},"end":{}}],"line":155},"12":{"loc":{"start":{"line":174,"column":8},"end":{"line":184,"column":9}},"type":"if","locations":[{"start":{"line":174,"column":8},"end":{"line":184,"column":9}},{"start":{},"end":{}}],"line":174},"13":{"loc":{"start":{"line":186,"column":8},"end":{"line":194,"column":9}},"type":"if","locations":[{"start":{"line":186,"column":8},"end":{"line":194,"column":9}},{"start":{},"end":{}}],"line":186},"14":{"loc":{"start":{"line":200,"column":8},"end":{"line":211,"column":9}},"type":"if","locations":[{"start":{"line":200,"column":8},"end":{"line":211,"column":9}},{"start":{},"end":{}}],"line":200},"15":{"loc":{"start":{"line":218,"column":12},"end":{"line":220,"column":13}},"type":"if","locations":[{"start":{"line":218,"column":12},"end":{"line":220,"column":13}},{"start":{},"end":{}}],"line":218},"16":{"loc":{"start":{"line":284,"column":21},"end":{"line":284,"column":73}},"type":"binary-expr","locations":[{"start":{"line":284,"column":21},"end":{"line":284,"column":27}},{"start":{"line":284,"column":31},"end":{"line":284,"column":60}},{"start":{"line":284,"column":64},"end":{"line":284,"column":73}}],"line":284},"17":{"loc":{"start":{"line":286,"column":4},"end":{"line":294,"column":5}},"type":"if","locations":[{"start":{"line":286,"column":4},"end":{"line":294,"column":5}},{"start":{},"end":{}}],"line":286},"18":{"loc":{"start":{"line":296,"column":4},"end":{"line":304,"column":5}},"type":"if","locations":[{"start":{"line":296,"column":4},"end":{"line":304,"column":5}},{"start":{},"end":{}}],"line":296},"19":{"loc":{"start":{"line":313,"column":8},"end":{"line":323,"column":9}},"type":"if","locations":[{"start":{"line":313,"column":8},"end":{"line":323,"column":9}},{"start":{},"end":{}}],"line":313},"20":{"loc":{"start":{"line":325,"column":8},"end":{"line":333,"column":9}},"type":"if","locations":[{"start":{"line":325,"column":8},"end":{"line":333,"column":9}},{"start":{},"end":{}}],"line":325},"21":{"loc":{"start":{"line":340,"column":8},"end":{"line":352,"column":9}},"type":"if","locations":[{"start":{"line":340,"column":8},"end":{"line":352,"column":9}},{"start":{},"end":{}}],"line":340},"22":{"loc":{"start":{"line":355,"column":8},"end":{"line":367,"column":9}},"type":"if","locations":[{"start":{"line":355,"column":8},"end":{"line":367,"column":9}},{"start":{},"end":{}}],"line":355},"23":{"loc":{"start":{"line":378,"column":12},"end":{"line":388,"column":13}},"type":"if","locations":[{"start":{"line":378,"column":12},"end":{"line":388,"column":13}},{"start":{},"end":{}}],"line":378},"24":{"loc":{"start":{"line":391,"column":12},"end":{"line":402,"column":13}},"type":"if","locations":[{"start":{"line":391,"column":12},"end":{"line":402,"column":13}},{"start":{},"end":{}}],"line":391},"25":{"loc":{"start":{"line":450,"column":21},"end":{"line":450,"column":73}},"type":"binary-expr","locations":[{"start":{"line":450,"column":21},"end":{"line":450,"column":27}},{"start":{"line":450,"column":31},"end":{"line":450,"column":60}},{"start":{"line":450,"column":64},"end":{"line":450,"column":73}}],"line":450},"26":{"loc":{"start":{"line":452,"column":4},"end":{"line":457,"column":5}},"type":"if","locations":[{"start":{"line":452,"column":4},"end":{"line":457,"column":5}},{"start":{},"end":{}}],"line":452},"27":{"loc":{"start":{"line":459,"column":4},"end":{"line":467,"column":5}},"type":"if","locations":[{"start":{"line":459,"column":4},"end":{"line":467,"column":5}},{"start":{},"end":{}}],"line":459},"28":{"loc":{"start":{"line":476,"column":8},"end":{"line":486,"column":9}},"type":"if","locations":[{"start":{"line":476,"column":8},"end":{"line":486,"column":9}},{"start":{},"end":{}}],"line":476},"29":{"loc":{"start":{"line":488,"column":8},"end":{"line":496,"column":9}},"type":"if","locations":[{"start":{"line":488,"column":8},"end":{"line":496,"column":9}},{"start":{},"end":{}}],"line":488}},"s":{"0":2,"1":2,"2":2,"3":2,"4":2,"5":28,"6":28,"7":28,"8":28,"9":6,"10":6,"11":22,"12":22,"13":21,"14":1,"15":1,"16":1,"17":20,"18":20,"19":0,"20":0,"21":0,"22":20,"23":20,"24":1,"25":1,"26":1,"27":19,"28":19,"29":19,"30":1,"31":1,"32":1,"33":2,"34":14,"35":14,"36":14,"37":14,"38":2,"39":2,"40":12,"41":2,"42":2,"43":10,"44":9,"45":1,"46":1,"47":1,"48":8,"49":3,"50":3,"51":5,"52":5,"53":5,"54":1,"55":1,"56":4,"57":4,"58":0,"59":4,"60":4,"61":1,"62":1,"63":1,"64":2,"65":19,"66":19,"67":19,"68":19,"69":2,"70":2,"71":17,"72":2,"73":2,"74":15,"75":14,"76":1,"77":1,"78":1,"79":13,"80":2,"81":2,"82":11,"83":11,"84":11,"85":11,"86":1,"87":1,"88":10,"89":3,"90":3,"91":7,"92":7,"93":7,"94":1,"95":1,"96":1,"97":6,"98":0,"99":0,"100":6,"101":6,"102":6,"103":1,"104":1,"105":1,"106":2,"107":10,"108":10,"109":10,"110":10,"111":2,"112":8,"113":2,"114":2,"115":6,"116":5,"117":1,"118":1,"119":1,"120":4,"121":1,"122":1,"123":3,"124":3,"125":3,"126":3,"127":3,"128":1,"129":1,"130":1,"131":2},"f":{"0":28,"1":21,"2":20,"3":14,"4":9,"5":4,"6":19,"7":14,"8":7,"9":10,"10":5},"b":{"0":[2,2],"1":[28,0,0],"2":[6,22],"3":[28,25],"4":[22,17],"5":[22,18],"6":[22,20],"7":[1,20],"8":[1,19],"9":[14,0,0],"10":[2,12],"11":[2,10],"12":[1,8],"13":[3,5],"14":[1,4],"15":[0,4],"16":[19,0,0],"17":[2,17],"18":[2,15],"19":[1,13],"20":[2,11],"21":[1,10],"22":[3,7],"23":[1,6],"24":[0,6],"25":[10,0,0],"26":[2,8],"27":[2,6],"28":[1,4],"29":[1,3]},"_coverageSchema":"1a1c01bbd47fc00a2c39e90264f33305004495a9","hash":"6b85866a8b7978ba4397f852f49f0a1f4ed05a68"}
,"/Users/hrithikeshthulluri/Downloads/remotion-main/qr-access-backend/routes/healthRoutes.js": {"path":"/Users/hrithikeshthulluri/Downloads/remotion-main/qr-access-backend/routes/healthRoutes.js","statementMap":{"0":{"start":{"line":1,"column":16},"end":{"line":1,"column":34}},"1":{"start":{"line":2,"column":15},"end":{"line":2,"column":31}},"2":{"start":{"line":8,"column":0},"end":{"line":15,"column":3}},"3":{"start":{"line":9,"column":2},"end":{"line":14,"column":5}},"4":{"start":{"line":17,"column":0},"end":{"line":24,"column":3}},"5":{"start":{"line":18,"column":2},"end":{"line":23,"column":5}},"6":{"start":{"line":26,"column":0},"end":{"line":26,"column":24}}},"fnMap":{"0":{"name":"(anonymous_0)","decl":{"start":{"line":8,"column":22},"end":{"line":8,"column":23}},"loc":{"start":{"line":8,"column":36},"end":{"line":15,"column":1}},"line":8},"1":{"name":"(anonymous_1)","decl":{"start":{"line":17,"column":22},"end":{"line":17,"column":23}},"loc":{"start":{"line":17,"column":36},"end":{"line":24,"column":1}},"line":17}},"branchMap":{"0":{"loc":{"start":{"line":20,"column":13},"end":{"line":20,"column":43}},"type":"binary-expr","locations":[{"start":{"line":20,"column":13},"end":{"line":20,"column":32}},{"start":{"line":20,"column":36},"end":{"line":20,"column":43}}],"line":20},"1":{"loc":{"start":{"line":21,"column":17},"end":{"line":21,"column":54}},"type":"binary-expr","locations":[{"start":{"line":21,"column":17},"end":{"line":21,"column":37}},{"start":{"line":21,"column":41},"end":{"line":21,"column":54}}],"line":21},"2":{"loc":{"start":{"line":22,"column":10},"end":{"line":22,"column":34}},"type":"binary-expr","locations":[{"start":{"line":22,"column":10},"end":{"line":22,"column":26}},{"start":{"line":22,"column":30},"end":{"line":22,"column":34}}],"line":22}},"s":{"0":1,"1":1,"2":1,"3":1,"4":1,"5":0,"6":1},"f":{"0":1,"1":0},"b":{"0":[0,0],"1":[0,0],"2":[0,0]},"_coverageSchema":"1a1c01bbd47fc00a2c39e90264f33305004495a9","hash":"6dcd58b6436558acf7d10d987d4b299a0dbc7c1f"}
,"/Users/hrithikeshthulluri/Downloads/remotion-main/qr-access-backend/routes/qrRoutes.js": {"path":"/Users/hrithikeshthulluri/Downloads/remotion-main/qr-access-backend/routes/qrRoutes.js","statementMap":{"0":{"start":{"line":1,"column":16},"end":{"line":1,"column":34}},"1":{"start":{"line":2,"column":15},"end":{"line":2,"column":31}},"2":{"start":{"line":3,"column":21},"end":{"line":3,"column":59}},"3":{"start":{"line":10,"column":0},"end":{"line":10,"column":53}},"4":{"start":{"line":13,"column":0},"end":{"line":13,"column":48}},"5":{"start":{"line":16,"column":0},"end":{"line":16,"column":47}},"6":{"start":{"line":19,"column":0},"end":{"line":19,"column":59}},"7":{"start":{"line":21,"column":0},"end":{"line":21,"column":24}}},"fnMap":{},"branchMap":{},"s":{"0":1,"1":1,"2":1,"3":1,"4":1,"5":1,"6":1,"7":1},"f":{},"b":{},"_coverageSchema":"1a1c01bbd47fc00a2c39e90264f33305004495a9","hash":"4a4467a693b2255dfaf9056b9b986750938a5e57"}
,"/Users/hrithikeshthulluri/Downloads/remotion-main/qr-access-backend/utils/auditLogger.js": {"path":"/Users/hrithikeshthulluri/Downloads/remotion-main/qr-access-backend/utils/auditLogger.js","statementMap":{"0":{"start":{"line":1,"column":15},"end":{"line":1,"column":36}},"1":{"start":{"line":20,"column":4},"end":{"line":44,"column":7}},"2":{"start":{"line":21,"column":6},"end":{"line":43,"column":7}},"3":{"start":{"line":22,"column":8},"end":{"line":40,"column":10}},"4":{"start":{"line":36,"column":12},"end":{"line":38,"column":13}},"5":{"start":{"line":37,"column":14},"end":{"line":37,"column":62}},"6":{"start":{"line":42,"column":8},"end":{"line":42,"column":61}},"7":{"start":{"line":54,"column":4},"end":{"line":66,"column":7}},"8":{"start":{"line":55,"column":6},"end":{"line":65,"column":8}},"9":{"start":{"line":62,"column":10},"end":{"line":63,"column":35}},"10":{"start":{"line":62,"column":19},"end":{"line":62,"column":31}},"11":{"start":{"line":63,"column":15},"end":{"line":63,"column":35}},"12":{"start":{"line":73,"column":4},"end":{"line":85,"column":7}},"13":{"start":{"line":74,"column":6},"end":{"line":84,"column":8}},"14":{"start":{"line":78,"column":10},"end":{"line":82,"column":11}},"15":{"start":{"line":79,"column":12},"end":{"line":79,"column":64}},"16":{"start":{"line":81,"column":12},"end":{"line":81,"column":63}},"17":{"start":{"line":89,"column":0},"end":{"line":89,"column":29}}},"fnMap":{"0":{"name":"(anonymous_0)","decl":{"start":{"line":18,"column":2},"end":{"line":18,"column":3}},"loc":{"start":{"line":18,"column":88},"end":{"line":45,"column":3}},"line":18},"1":{"name":"(anonymous_1)","decl":{"start":{"line":20,"column":17},"end":{"line":20,"column":18}},"loc":{"start":{"line":20,"column":23},"end":{"line":44,"column":5}},"line":20},"2":{"name":"(anonymous_2)","decl":{"start":{"line":35,"column":10},"end":{"line":35,"column":11}},"loc":{"start":{"line":35,"column":19},"end":{"line":39,"column":11}},"line":35},"3":{"name":"(anonymous_3)","decl":{"start":{"line":53,"column":2},"end":{"line":53,"column":3}},"loc":{"start":{"line":53,"column":39},"end":{"line":67,"column":3}},"line":53},"4":{"name":"(anonymous_4)","decl":{"start":{"line":54,"column":23},"end":{"line":54,"column":24}},"loc":{"start":{"line":54,"column":44},"end":{"line":66,"column":5}},"line":54},"5":{"name":"(anonymous_5)","decl":{"start":{"line":61,"column":8},"end":{"line":61,"column":9}},"loc":{"start":{"line":61,"column":23},"end":{"line":64,"column":9}},"line":61},"6":{"name":"(anonymous_6)","decl":{"start":{"line":72,"column":2},"end":{"line":72,"column":3}},"loc":{"start":{"line":72,"column":24},"end":{"line":86,"column":3}},"line":72},"7":{"name":"(anonymous_7)","decl":{"start":{"line":73,"column":17},"end":{"line":73,"column":18}},"loc":{"start":{"line":73,"column":23},"end":{"line":85,"column":5}},"line":73},"8":{"name":"(anonymous_8)","decl":{"start":{"line":77,"column":8},"end":{"line":77,"column":9}},"loc":{"start":{"line":77,"column":17},"end":{"line":83,"column":9}},"line":77}},"branchMap":{"0":{"loc":{"start":{"line":18,"column":73},"end":{"line":18,"column":86}},"type":"default-arg","locations":[{"start":{"line":18,"column":84},"end":{"line":18,"column":86}}],"line":18},"1":{"loc":{"start":{"line":28,"column":12},"end":{"line":28,"column":28}},"type":"binary-expr","locations":[{"start":{"line":28,"column":12},"end":{"line":28,"column":20}},{"start":{"line":28,"column":24},"end":{"line":28,"column":28}}],"line":28},"2":{"loc":{"start":{"line":29,"column":12},"end":{"line":29,"column":27}},"type":"binary-expr","locations":[{"start":{"line":29,"column":12},"end":{"line":29,"column":19}},{"start":{"line":29,"column":23},"end":{"line":29,"column":27}}],"line":29},"3":{"loc":{"start":{"line":31,"column":12},"end":{"line":31,"column":29}},"type":"binary-expr","locations":[{"start":{"line":31,"column":12},"end":{"line":31,"column":21}},{"start":{"line":31,"column":25},"end":{"line":31,"column":29}}],"line":31},"4":{"loc":{"start":{"line":36,"column":12},"end":{"line":38,"column":13}},"type":"if","locations":[{"start":{"line":36,"column":12},"end":{"line":38,"column":13}},{"start":{},"end":{}}],"line":36},"5":{"loc":{"start":{"line":53,"column":27},"end":{"line":53,"column":37}},"type":"default-arg","locations":[{"start":{"line":53,"column":35},"end":{"line":53,"column":37}}],"line":53},"6":{"loc":{"start":{"line":62,"column":10},"end":{"line":63,"column":35}},"type":"if","locations":[{"start":{"line":62,"column":10},"end":{"line":63,"column":35}},{"start":{"line":63,"column":15},"end":{"line":63,"column":35}}],"line":62},"7":{"loc":{"start":{"line":63,"column":23},"end":{"line":63,"column":33}},"type":"binary-expr","locations":[{"start":{"line":63,"column":23},"end":{"line":63,"column":27}},{"start":{"line":63,"column":31},"end":{"line":63,"column":33}}],"line":63},"8":{"loc":{"start":{"line":78,"column":10},"end":{"line":82,"column":11}},"type":"if","locations":[{"start":{"line":78,"column":10},"end":{"line":82,"column":11}},{"start":{"line":80,"column":17},"end":{"line":82,"column":11}}],"line":78}},"s":{"0":2,"1":77,"2":77,"3":77,"4":74,"5":1,"6":2,"7":5,"8":5,"9":5,"10":1,"11":4,"12":3,"13":3,"14":3,"15":0,"16":3,"17":2},"f":{"0":77,"1":77,"2":74,"3":5,"4":5,"5":5,"6":3,"7":3,"8":3},"b":{"0":[0],"1":[77,30],"2":[77,17],"3":[77,38],"4":[1,73],"5":[4],"6":[1,4],"7":[4,0],"8":[0,3]},"_coverageSchema":"1a1c01bbd47fc00a2c39e90264f33305004495a9","hash":"9bd455f87473c32eb51733942af6a29385e861a7"}
,"/Users/hrithikeshthulluri/Downloads/remotion-main/qr-access-backend/utils/database.js": {"path":"/Users/hrithikeshthulluri/Downloads/remotion-main/qr-access-backend/utils/database.js","statementMap":{"0":{"start":{"line":1,"column":16},"end":{"line":1,"column":44}},"1":{"start":{"line":2,"column":13},"end":{"line":2,"column":28}},"2":{"start":{"line":4,"column":16},"end":{"line":4,"column":85}},"3":{"start":{"line":7,"column":11},"end":{"line":13,"column":2}},"4":{"start":{"line":8,"column":2},"end":{"line":12,"column":3}},"5":{"start":{"line":9,"column":4},"end":{"line":9,"column":45}},"6":{"start":{"line":11,"column":4},"end":{"line":11,"column":53}},"7":{"start":{"line":16,"column":0},"end":{"line":16,"column":35}},"8":{"start":{"line":18,"column":27},"end":{"line":102,"column":1}},"9":{"start":{"line":20,"column":2},"end":{"line":25,"column":3}},"10":{"start":{"line":21,"column":32},"end":{"line":21,"column":52}},"11":{"start":{"line":22,"column":4},"end":{"line":22,"column":22}},"12":{"start":{"line":26,"column":2},"end":{"line":101,"column":5}},"13":{"start":{"line":28,"column":4},"end":{"line":42,"column":7}},"14":{"start":{"line":40,"column":6},"end":{"line":41,"column":51}},"15":{"start":{"line":40,"column":15},"end":{"line":40,"column":71}},"16":{"start":{"line":41,"column":11},"end":{"line":41,"column":51}},"17":{"start":{"line":45,"column":4},"end":{"line":60,"column":7}},"18":{"start":{"line":58,"column":6},"end":{"line":59,"column":50}},"19":{"start":{"line":58,"column":15},"end":{"line":58,"column":70}},"20":{"start":{"line":59,"column":11},"end":{"line":59,"column":50}},"21":{"start":{"line":63,"column":4},"end":{"line":79,"column":7}},"22":{"start":{"line":77,"column":6},"end":{"line":78,"column":54}},"23":{"start":{"line":77,"column":15},"end":{"line":77,"column":74}},"24":{"start":{"line":78,"column":11},"end":{"line":78,"column":54}},"25":{"start":{"line":82,"column":4},"end":{"line":84,"column":7}},"26":{"start":{"line":83,"column":6},"end":{"line":83,"column":76}},"27":{"start":{"line":83,"column":15},"end":{"line":83,"column":76}},"28":{"start":{"line":86,"column":4},"end":{"line":88,"column":7}},"29":{"start":{"line":87,"column":6},"end":{"line":87,"column":80}},"30":{"start":{"line":87,"column":15},"end":{"line":87,"column":80}},"31":{"start":{"line":90,"column":4},"end":{"line":92,"column":7}},"32":{"start":{"line":91,"column":6},"end":{"line":91,"column":80}},"33":{"start":{"line":91,"column":15},"end":{"line":91,"column":80}},"34":{"start":{"line":94,"column":4},"end":{"line":96,"column":7}},"35":{"start":{"line":95,"column":6},"end":{"line":95,"column":84}},"36":{"start":{"line":95,"column":15},"end":{"line":95,"column":84}},"37":{"start":{"line":98,"column":4},"end":{"line":100,"column":7}},"38":{"start":{"line":99,"column":6},"end":{"line":99,"column":84}},"39":{"start":{"line":99,"column":15},"end":{"line":99,"column":84}},"40":{"start":{"line":104,"column":0},"end":{"line":107,"column":2}}},"fnMap":{"0":{"name":"(anonymous_0)","decl":{"start":{"line":7,"column":41},"end":{"line":7,"column":42}},"loc":{"start":{"line":7,"column":50},"end":{"line":13,"column":1}},"line":7},"1":{"name":"(anonymous_1)","decl":{"start":{"line":18,"column":27},"end":{"line":18,"column":28}},"loc":{"start":{"line":18,"column":33},"end":{"line":102,"column":1}},"line":18},"2":{"name":"(anonymous_2)","decl":{"start":{"line":26,"column":15},"end":{"line":26,"column":16}},"loc":{"start":{"line":26,"column":21},"end":{"line":101,"column":3}},"line":26},"3":{"name":"(anonymous_3)","decl":{"start":{"line":39,"column":7},"end":{"line":39,"column":8}},"loc":{"start":{"line":39,"column":16},"end":{"line":42,"column":5}},"line":39},"4":{"name":"(anonymous_4)","decl":{"start":{"line":57,"column":7},"end":{"line":57,"column":8}},"loc":{"start":{"line":57,"column":16},"end":{"line":60,"column":5}},"line":57},"5":{"name":"(anonymous_5)","decl":{"start":{"line":76,"column":7},"end":{"line":76,"column":8}},"loc":{"start":{"line":76,"column":16},"end":{"line":79,"column":5}},"line":76},"6":{"name":"(anonymous_6)","decl":{"start":{"line":82,"column":75},"end":{"line":82,"column":76}},"loc":{"start":{"line":82,"column":84},"end":{"line":84,"column":5}},"line":82},"7":{"name":"(anonymous_7)","decl":{"start":{"line":86,"column":83},"end":{"line":86,"column":84}},"loc":{"start":{"line":86,"column":92},"end":{"line":88,"column":5}},"line":86},"8":{"name":"(anonymous_8)","decl":{"start":{"line":90,"column":83},"end":{"line":90,"column":84}},"loc":{"start":{"line":90,"column":92},"end":{"line":92,"column":5}},"line":90},"9":{"name":"(anonymous_9)","decl":{"start":{"line":94,"column":91},"end":{"line":94,"column":92}},"loc":{"start":{"line":94,"column":100},"end":{"line":96,"column":5}},"line":94},"10":{"name":"(anonymous_10)","decl":{"start":{"line":98,"column":91},"end":{"line":98,"column":92}},"loc":{"start":{"line":98,"column":100},"end":{"line":100,"column":5}},"line":98}},"branchMap":{"0":{"loc":{"start":{"line":4,"column":16},"end":{"line":4,"column":85}},"type":"binary-expr","locations":[{"start":{"line":4,"column":16},"end":{"line":4,"column":40}},{"start":{"line":4,"column":44},"end":{"line":4,"column":85}}],"line":4},"1":{"loc":{"start":{"line":8,"column":2},"end":{"line":12,"column":3}},"type":"if","locations":[{"start":{"line":8,"column":2},"end":{"line":12,"column":3}},{"start":{"line":10,"column":9},"end":{"line":12,"column":3}}],"line":8},"2":{"loc":{"start":{"line":40,"column":6},"end":{"line":41,"column":51}},"type":"if","locations":[{"start":{"line":40,"column":6},"end":{"line":41,"column":51}},{"start":{"line":41,"column":11},"end":{"line":41,"column":51}}],"line":40},"3":{"loc":{"start":{"line":58,"column":6},"end":{"line":59,"column":50}},"type":"if","locations":[{"start":{"line":58,"column":6},"end":{"line":59,"column":50}},{"start":{"line":59,"column":11},"end":{"line":59,"column":50}}],"line":58},"4":{"loc":{"start":{"line":77,"column":6},"end":{"line":78,"column":54}},"type":"if","locations":[{"start":{"line":77,"column":6},"end":{"line":78,"column":54}},{"start":{"line":78,"column":11},"end":{"line":78,"column":54}}],"line":77},"5":{"loc":{"start":{"line":83,"column":6},"end":{"line":83,"column":76}},"type":"if","locations":[{"start":{"line":83,"column":6},"end":{"line":83,"column":76}},{"start":{},"end":{}}],"line":83},"6":{"loc":{"start":{"line":87,"column":6},"end":{"line":87,"column":80}},"type":"if","locations":[{"start":{"line":87,"column":6},"end":{"line":87,"column":80}},{"start":{},"end":{}}],"line":87},"7":{"loc":{"start":{"line":91,"column":6},"end":{"line":91,"column":80}},"type":"if","locations":[{"start":{"line":91,"column":6},"end":{"line":91,"column":80}},{"start":{},"end":{}}],"line":91},"8":{"loc":{"start":{"line":95,"column":6},"end":{"line":95,"column":84}},"type":"if","locations":[{"start":{"line":95,"column":6},"end":{"line":95,"column":84}},{"start":{},"end":{}}],"line":95},"9":{"loc":{"start":{"line":99,"column":6},"end":{"line":99,"column":84}},"type":"if","locations":[{"start":{"line":99,"column":6},"end":{"line":99,"column":84}},{"start":{},"end":{}}],"line":99}},"s":{"0":21,"1":21,"2":21,"3":21,"4":20,"5":0,"6":20,"7":21,"8":21,"9":3,"10":3,"11":3,"12":3,"13":3,"14":3,"15":0,"16":3,"17":3,"18":3,"19":0,"20":3,"21":3,"22":3,"23":0,"24":3,"25":3,"26":3,"27":0,"28":3,"29":3,"30":0,"31":3,"32":3,"33":0,"34":3,"35":3,"36":0,"37":3,"38":3,"39":0,"40":21},"f":{"0":20,"1":3,"2":3,"3":3,"4":3,"5":3,"6":3,"7":3,"8":3,"9":3,"10":3},"b":{"0":[21,20],"1":[0,20],"2":[0,3],"3":[0,3],"4":[0,3],"5":[0,3],"6":[0,3],"7":[0,3],"8":[0,3],"9":[0,3]},"_coverageSchema":"1a1c01bbd47fc00a2c39e90264f33305004495a9","hash":"002009d336513437dd377f2c2138bf1c90ee8d6f"}
,"/Users/hrithikeshthulluri/Downloads/remotion-main/qr-access-backend/utils/migrate.js": {"path":"/Users/hrithikeshthulluri/Downloads/remotion-main/qr-access-backend/utils/migrate.js","statementMap":{"0":{"start":{"line":6,"column":15},"end":{"line":6,"column":36}},"1":{"start":{"line":9,"column":2},"end":{"line":9,"column":68}},"2":{"start":{"line":12,"column":2},"end":{"line":85,"column":4}},"3":{"start":{"line":15,"column":6},"end":{"line":18,"column":7}},"4":{"start":{"line":16,"column":8},"end":{"line":16,"column":56}},"5":{"start":{"line":17,"column":8},"end":{"line":17,"column":15}},"6":{"start":{"line":20,"column":27},"end":{"line":20,"column":72}},"7":{"start":{"line":20,"column":47},"end":{"line":20,"column":71}},"8":{"start":{"line":21,"column":27},"end":{"line":21,"column":73}},"9":{"start":{"line":21,"column":47},"end":{"line":21,"column":72}},"10":{"start":{"line":23,"column":6},"end":{"line":37,"column":7}},"11":{"start":{"line":24,"column":8},"end":{"line":24,"column":62}},"12":{"start":{"line":25,"column":8},"end":{"line":34,"column":10}},"13":{"start":{"line":28,"column":12},"end":{"line":32,"column":13}},"14":{"start":{"line":29,"column":14},"end":{"line":29,"column":87}},"15":{"start":{"line":31,"column":14},"end":{"line":31,"column":64}},"16":{"start":{"line":36,"column":8},"end":{"line":36,"column":67}},"17":{"start":{"line":39,"column":6},"end":{"line":53,"column":7}},"18":{"start":{"line":40,"column":8},"end":{"line":40,"column":63}},"19":{"start":{"line":41,"column":8},"end":{"line":50,"column":10}},"20":{"start":{"line":44,"column":12},"end":{"line":48,"column":13}},"21":{"start":{"line":45,"column":14},"end":{"line":45,"column":88}},"22":{"start":{"line":47,"column":14},"end":{"line":47,"column":65}},"23":{"start":{"line":52,"column":8},"end":{"line":52,"column":68}},"24":{"start":{"line":56,"column":6},"end":{"line":74,"column":9}},"25":{"start":{"line":69,"column":8},"end":{"line":73,"column":9}},"26":{"start":{"line":70,"column":10},"end":{"line":70,"column":87}},"27":{"start":{"line":72,"column":10},"end":{"line":72,"column":60}},"28":{"start":{"line":77,"column":6},"end":{"line":81,"column":9}},"29":{"start":{"line":78,"column":8},"end":{"line":80,"column":9}},"30":{"start":{"line":79,"column":10},"end":{"line":79,"column":97}},"31":{"start":{"line":83,"column":6},"end":{"line":83,"column":60}},"32":{"start":{"line":88,"column":0},"end":{"line":88,"column":37}}},"fnMap":{"0":{"name":"migrateToPhase2","decl":{"start":{"line":8,"column":9},"end":{"line":8,"column":24}},"loc":{"start":{"line":8,"column":27},"end":{"line":86,"column":1}},"line":8},"1":{"name":"(anonymous_1)","decl":{"start":{"line":14,"column":4},"end":{"line":14,"column":5}},"loc":{"start":{"line":14,"column":22},"end":{"line":84,"column":5}},"line":14},"2":{"name":"(anonymous_2)","decl":{"start":{"line":20,"column":40},"end":{"line":20,"column":41}},"loc":{"start":{"line":20,"column":47},"end":{"line":20,"column":71}},"line":20},"3":{"name":"(anonymous_3)","decl":{"start":{"line":21,"column":40},"end":{"line":21,"column":41}},"loc":{"start":{"line":21,"column":47},"end":{"line":21,"column":72}},"line":21},"4":{"name":"(anonymous_4)","decl":{"start":{"line":27,"column":10},"end":{"line":27,"column":11}},"loc":{"start":{"line":27,"column":19},"end":{"line":33,"column":11}},"line":27},"5":{"name":"(anonymous_5)","decl":{"start":{"line":43,"column":10},"end":{"line":43,"column":11}},"loc":{"start":{"line":43,"column":19},"end":{"line":49,"column":11}},"line":43},"6":{"name":"(anonymous_6)","decl":{"start":{"line":68,"column":9},"end":{"line":68,"column":10}},"loc":{"start":{"line":68,"column":18},"end":{"line":74,"column":7}},"line":68},"7":{"name":"(anonymous_7)","decl":{"start":{"line":77,"column":85},"end":{"line":77,"column":86}},"loc":{"start":{"line":77,"column":94},"end":{"line":81,"column":7}},"line":77}},"branchMap":{"0":{"loc":{"start":{"line":15,"column":6},"end":{"line":18,"column":7}},"type":"if","locations":[{"start":{"line":15,"column":6},"end":{"line":18,"column":7}},{"start":{},"end":{}}],"line":15},"1":{"loc":{"start":{"line":23,"column":6},"end":{"line":37,"column":7}},"type":"if","locations":[{"start":{"line":23,"column":6},"end":{"line":37,"column":7}},{"start":{"line":35,"column":13},"end":{"line":37,"column":7}}],"line":23},"2":{"loc":{"start":{"line":28,"column":12},"end":{"line":32,"column":13}},"type":"if","locations":[{"start":{"line":28,"column":12},"end":{"line":32,"column":13}},{"start":{"line":30,"column":19},"end":{"line":32,"column":13}}],"line":28},"3":{"loc":{"start":{"line":39,"column":6},"end":{"line":53,"column":7}},"type":"if","locations":[{"start":{"line":39,"column":6},"end":{"line":53,"column":7}},{"start":{"line":51,"column":13},"end":{"line":53,"column":7}}],"line":39},"4":{"loc":{"start":{"line":44,"column":12},"end":{"line":48,"column":13}},"type":"if","locations":[{"start":{"line":44,"column":12},"end":{"line":48,"column":13}},{"start":{"line":46,"column":19},"end":{"line":48,"column":13}}],"line":44},"5":{"loc":{"start":{"line":69,"column":8},"end":{"line":73,"column":9}},"type":"if","locations":[{"start":{"line":69,"column":8},"end":{"line":73,"column":9}},{"start":{"line":71,"column":15},"end":{"line":73,"column":9}}],"line":69},"6":{"loc":{"start":{"line":78,"column":8},"end":{"line":80,"column":9}},"type":"if","locations":[{"start":{"line":78,"column":8},"end":{"line":80,"column":9}},{"start":{},"end":{}}],"line":78},"7":{"loc":{"start":{"line":78,"column":12},"end":{"line":78,"column":58}},"type":"binary-expr","locations":[{"start":{"line":78,"column":12},"end":{"line":78,"column":15}},{"start":{"line":78,"column":19},"end":{"line":78,"column":58}}],"line":78}},"s":{"0":11,"1":18,"2":18,"3":18,"4":0,"5":0,"6":18,"7":90,"8":18,"9":144,"10":18,"11":0,"12":0,"13":0,"14":0,"15":0,"16":18,"17":18,"18":0,"19":0,"20":0,"21":0,"22":0,"23":18,"24":18,"25":18,"26":0,"27":18,"28":18,"29":18,"30":0,"31":18,"32":11},"f":{"0":18,"1":18,"2":90,"3":144,"4":0,"5":0,"6":18,"7":18},"b":{"0":[0,18],"1":[0,18],"2":[0,0],"3":[0,18],"4":[0,0],"5":[0,18],"6":[0,18],"7":[18,0]},"_coverageSchema":"1a1c01bbd47fc00a2c39e90264f33305004495a9","hash":"d404023c45af0fffff22d52777c446e39550b419"}
,"/Users/hrithikeshthulluri/Downloads/remotion-main/qr-access-backend/utils/tokenGenerator.js": {"path":"/Users/hrithikeshthulluri/Downloads/remotion-main/qr-access-backend/utils/tokenGenerator.js","statementMap":{"0":{"start":{"line":1,"column":15},"end":{"line":1,"column":32}},"1":{"start":{"line":13,"column":22},"end":{"line":25,"column":1}},"2":{"start":{"line":14,"column":2},"end":{"line":16,"column":3}},"3":{"start":{"line":15,"column":4},"end":{"line":15,"column":41}},"4":{"start":{"line":19,"column":22},"end":{"line":19,"column":60}},"5":{"start":{"line":22,"column":16},"end":{"line":22,"column":61}},"6":{"start":{"line":24,"column":2},"end":{"line":24,"column":15}},"7":{"start":{"line":32,"column":28},"end":{"line":35,"column":1}},"8":{"start":{"line":33,"column":18},"end":{"line":33,"column":58}},"9":{"start":{"line":34,"column":2},"end":{"line":34,"column":29}},"10":{"start":{"line":42,"column":33},"end":{"line":48,"column":1}},"11":{"start":{"line":43,"column":2},"end":{"line":45,"column":3}},"12":{"start":{"line":44,"column":4},"end":{"line":44,"column":16}},"13":{"start":{"line":46,"column":16},"end":{"line":46,"column":55}},"14":{"start":{"line":47,"column":2},"end":{"line":47,"column":33}},"15":{"start":{"line":50,"column":0},"end":{"line":54,"column":2}}},"fnMap":{"0":{"name":"(anonymous_0)","decl":{"start":{"line":13,"column":22},"end":{"line":13,"column":23}},"loc":{"start":{"line":13,"column":36},"end":{"line":25,"column":1}},"line":13},"1":{"name":"(anonymous_1)","decl":{"start":{"line":32,"column":28},"end":{"line":32,"column":29}},"loc":{"start":{"line":32,"column":39},"end":{"line":35,"column":1}},"line":32},"2":{"name":"(anonymous_2)","decl":{"start":{"line":42,"column":33},"end":{"line":42,"column":34}},"loc":{"start":{"line":42,"column":44},"end":{"line":48,"column":1}},"line":42}},"branchMap":{"0":{"loc":{"start":{"line":14,"column":2},"end":{"line":16,"column":3}},"type":"if","locations":[{"start":{"line":14,"column":2},"end":{"line":16,"column":3}},{"start":{},"end":{}}],"line":14},"1":{"loc":{"start":{"line":14,"column":6},"end":{"line":14,"column":47}},"type":"binary-expr","locations":[{"start":{"line":14,"column":6},"end":{"line":14,"column":15}},{"start":{"line":14,"column":19},"end":{"line":14,"column":47}}],"line":14},"2":{"loc":{"start":{"line":43,"column":2},"end":{"line":45,"column":3}},"type":"if","locations":[{"start":{"line":43,"column":2},"end":{"line":45,"column":3}},{"start":{},"end":{}}],"line":43},"3":{"loc":{"start":{"line":43,"column":6},"end":{"line":43,"column":41}},"type":"binary-expr","locations":[{"start":{"line":43,"column":6},"end":{"line":43,"column":12}},{"start":{"line":43,"column":16},"end":{"line":43,"column":41}}],"line":43},"4":{"loc":{"start":{"line":47,"column":9},"end":{"line":47,"column":32}},"type":"cond-expr","locations":[{"start":{"line":47,"column":17},"end":{"line":47,"column":25}},{"start":{"line":47,"column":28},"end":{"line":47,"column":32}}],"line":47}},"s":{"0":3,"1":3,"2":137,"3":7,"4":130,"5":130,"6":130,"7":3,"8":52,"9":52,"10":3,"11":8,"12":1,"13":7,"14":7,"15":3},"f":{"0":137,"1":52,"2":8},"b":{"0":[7,130],"1":[137,132],"2":[1,7],"3":[8,7],"4":[5,2]},"_coverageSchema":"1a1c01bbd47fc00a2c39e90264f33305004495a9","hash":"459ccdf01419b30fe3fe7e7af37be3818727e648"}
}
