TN:
SF:controllers/qrController.js
FN:26,(anonymous_0)
FN:50,(anonymous_1)
FN:83,(anonymous_2)
FN:139,(anonymous_3)
FN:173,(anonymous_4)
FN:217,(anonymous_5)
FN:281,(anonymous_6)
FN:312,(anonymous_7)
FN:377,(anonymous_8)
FN:447,(anonymous_9)
FN:475,(anonymous_10)
FNF:11
FNH:11
FNDA:28,(anonymous_0)
FNDA:21,(anonymous_1)
FNDA:20,(anonymous_2)
FNDA:14,(anonymous_3)
FNDA:9,(anonymous_4)
FNDA:4,(anonymous_5)
FNDA:19,(anonymous_6)
FNDA:14,(anonymous_7)
FNDA:7,(anonymous_8)
FNDA:10,(anonymous_9)
FNDA:5,(anonymous_10)
DA:1,2
DA:2,2
DA:3,2
DA:6,2
DA:26,2
DA:27,28
DA:28,28
DA:29,28
DA:32,28
DA:33,6
DA:36,6
DA:43,22
DA:46,22
DA:51,21
DA:52,1
DA:53,1
DA:57,1
DA:65,20
DA:66,20
DA:68,0
DA:69,0
DA:72,0
DA:79,20
DA:84,20
DA:85,1
DA:86,1
DA:89,1
DA:95,19
DA:96,19
DA:101,19
DA:115,1
DA:116,1
DA:120,1
DA:139,2
DA:140,14
DA:141,14
DA:142,14
DA:144,14
DA:145,2
DA:148,2
DA:155,12
DA:156,2
DA:159,2
DA:166,10
DA:174,9
DA:175,1
DA:176,1
DA:180,1
DA:186,8
DA:187,3
DA:190,3
DA:197,5
DA:198,5
DA:200,5
DA:201,1
DA:205,1
DA:214,4
DA:218,4
DA:219,0
DA:224,4
DA:229,4
DA:251,1
DA:252,1
DA:256,1
DA:281,2
DA:282,19
DA:283,19
DA:284,19
DA:286,19
DA:287,2
DA:290,2
DA:296,17
DA:297,2
DA:300,2
DA:307,15
DA:313,14
DA:314,1
DA:315,1
DA:319,1
DA:325,13
DA:326,2
DA:329,2
DA:335,11
DA:336,11
DA:337,11
DA:340,11
DA:341,1
DA:345,1
DA:355,10
DA:356,3
DA:361,3
DA:371,7
DA:372,7
DA:378,7
DA:379,1
DA:380,1
DA:384,1
DA:391,6
DA:393,0
DA:397,0
DA:404,6
DA:406,6
DA:411,6
DA:425,1
DA:426,1
DA:430,1
DA:447,2
DA:448,10
DA:449,10
DA:450,10
DA:452,10
DA:453,2
DA:459,8
DA:460,2
DA:463,2
DA:470,6
DA:476,5
DA:477,1
DA:478,1
DA:482,1
DA:488,4
DA:489,1
DA:492,1
DA:499,3
DA:500,3
DA:501,3
DA:503,3
DA:509,3
DA:524,1
DA:525,1
DA:529,1
DA:536,2
LF:132
LH:126
BRDA:6,0,0,2
BRDA:6,0,1,2
BRDA:29,1,0,28
BRDA:29,1,1,0
BRDA:29,1,2,0
BRDA:32,2,0,6
BRDA:32,2,1,22
BRDA:32,3,0,28
BRDA:32,3,1,25
BRDA:49,4,0,22
BRDA:49,4,1,17
BRDA:49,5,0,22
BRDA:49,5,1,18
BRDA:49,6,0,22
BRDA:49,6,1,20
BRDA:51,7,0,1
BRDA:51,7,1,20
BRDA:84,8,0,1
BRDA:84,8,1,19
BRDA:142,9,0,14
BRDA:142,9,1,0
BRDA:142,9,2,0
BRDA:144,10,0,2
BRDA:144,10,1,12
BRDA:155,11,0,2
BRDA:155,11,1,10
BRDA:174,12,0,1
BRDA:174,12,1,8
BRDA:186,13,0,3
BRDA:186,13,1,5
BRDA:200,14,0,1
BRDA:200,14,1,4
BRDA:218,15,0,0
BRDA:218,15,1,4
BRDA:284,16,0,19
BRDA:284,16,1,0
BRDA:284,16,2,0
BRDA:286,17,0,2
BRDA:286,17,1,17
BRDA:296,18,0,2
BRDA:296,18,1,15
BRDA:313,19,0,1
BRDA:313,19,1,13
BRDA:325,20,0,2
BRDA:325,20,1,11
BRDA:340,21,0,1
BRDA:340,21,1,10
BRDA:355,22,0,3
BRDA:355,22,1,7
BRDA:378,23,0,1
BRDA:378,23,1,6
BRDA:391,24,0,0
BRDA:391,24,1,6
BRDA:450,25,0,10
BRDA:450,25,1,0
BRDA:450,25,2,0
BRDA:452,26,0,2
BRDA:452,26,1,8
BRDA:459,27,0,2
BRDA:459,27,1,6
BRDA:476,28,0,1
BRDA:476,28,1,4
BRDA:488,29,0,1
BRDA:488,29,1,3
BRF:64
BRH:54
end_of_record
TN:
SF:routes/healthRoutes.js
FN:8,(anonymous_0)
FN:17,(anonymous_1)
FNF:2
FNH:1
FNDA:1,(anonymous_0)
FNDA:0,(anonymous_1)
DA:1,1
DA:2,1
DA:8,1
DA:9,1
DA:17,1
DA:18,0
DA:26,1
LF:7
LH:6
BRDA:20,0,0,0
BRDA:20,0,1,0
BRDA:21,1,0,0
BRDA:21,1,1,0
BRDA:22,2,0,0
BRDA:22,2,1,0
BRF:6
BRH:0
end_of_record
TN:
SF:routes/qrRoutes.js
FNF:0
FNH:0
DA:1,1
DA:2,1
DA:3,1
DA:10,1
DA:13,1
DA:16,1
DA:19,1
DA:21,1
LF:8
LH:8
BRF:0
BRH:0
end_of_record
TN:
SF:utils/auditLogger.js
FN:18,(anonymous_0)
FN:20,(anonymous_1)
FN:35,(anonymous_2)
FN:53,(anonymous_3)
FN:54,(anonymous_4)
FN:61,(anonymous_5)
FN:72,(anonymous_6)
FN:73,(anonymous_7)
FN:77,(anonymous_8)
FNF:9
FNH:9
FNDA:77,(anonymous_0)
FNDA:77,(anonymous_1)
FNDA:74,(anonymous_2)
FNDA:5,(anonymous_3)
FNDA:5,(anonymous_4)
FNDA:5,(anonymous_5)
FNDA:3,(anonymous_6)
FNDA:3,(anonymous_7)
FNDA:3,(anonymous_8)
DA:1,2
DA:20,77
DA:21,77
DA:22,77
DA:36,74
DA:37,1
DA:42,2
DA:54,5
DA:55,5
DA:62,5
DA:63,4
DA:73,3
DA:74,3
DA:78,3
DA:79,0
DA:81,3
DA:89,2
LF:17
LH:16
BRDA:18,0,0,0
BRDA:28,1,0,77
BRDA:28,1,1,30
BRDA:29,2,0,77
BRDA:29,2,1,17
BRDA:31,3,0,77
BRDA:31,3,1,38
BRDA:36,4,0,1
BRDA:36,4,1,73
BRDA:53,5,0,4
BRDA:62,6,0,1
BRDA:62,6,1,4
BRDA:63,7,0,4
BRDA:63,7,1,0
BRDA:78,8,0,0
BRDA:78,8,1,3
BRF:16
BRH:13
end_of_record
TN:
SF:utils/database.js
FN:7,(anonymous_0)
FN:18,(anonymous_1)
FN:26,(anonymous_2)
FN:39,(anonymous_3)
FN:57,(anonymous_4)
FN:76,(anonymous_5)
FN:82,(anonymous_6)
FN:86,(anonymous_7)
FN:90,(anonymous_8)
FN:94,(anonymous_9)
FN:98,(anonymous_10)
FNF:11
FNH:11
FNDA:20,(anonymous_0)
FNDA:3,(anonymous_1)
FNDA:3,(anonymous_2)
FNDA:3,(anonymous_3)
FNDA:3,(anonymous_4)
FNDA:3,(anonymous_5)
FNDA:3,(anonymous_6)
FNDA:3,(anonymous_7)
FNDA:3,(anonymous_8)
FNDA:3,(anonymous_9)
FNDA:3,(anonymous_10)
DA:1,21
DA:2,21
DA:4,21
DA:7,21
DA:8,20
DA:9,0
DA:11,20
DA:16,21
DA:18,21
DA:20,3
DA:21,3
DA:22,3
DA:26,3
DA:28,3
DA:40,3
DA:41,3
DA:45,3
DA:58,3
DA:59,3
DA:63,3
DA:77,3
DA:78,3
DA:82,3
DA:83,3
DA:86,3
DA:87,3
DA:90,3
DA:91,3
DA:94,3
DA:95,3
DA:98,3
DA:99,3
DA:104,21
LF:33
LH:32
BRDA:4,0,0,21
BRDA:4,0,1,20
BRDA:8,1,0,0
BRDA:8,1,1,20
BRDA:40,2,0,0
BRDA:40,2,1,3
BRDA:58,3,0,0
BRDA:58,3,1,3
BRDA:77,4,0,0
BRDA:77,4,1,3
BRDA:83,5,0,0
BRDA:83,5,1,3
BRDA:87,6,0,0
BRDA:87,6,1,3
BRDA:91,7,0,0
BRDA:91,7,1,3
BRDA:95,8,0,0
BRDA:95,8,1,3
BRDA:99,9,0,0
BRDA:99,9,1,3
BRF:20
BRH:11
end_of_record
TN:
SF:utils/migrate.js
FN:8,migrateToPhase2
FN:14,(anonymous_1)
FN:20,(anonymous_2)
FN:21,(anonymous_3)
FN:27,(anonymous_4)
FN:43,(anonymous_5)
FN:68,(anonymous_6)
FN:77,(anonymous_7)
FNF:8
FNH:6
FNDA:18,migrateToPhase2
FNDA:18,(anonymous_1)
FNDA:90,(anonymous_2)
FNDA:144,(anonymous_3)
FNDA:0,(anonymous_4)
FNDA:0,(anonymous_5)
FNDA:18,(anonymous_6)
FNDA:18,(anonymous_7)
DA:6,11
DA:9,18
DA:12,18
DA:15,18
DA:16,0
DA:17,0
DA:20,90
DA:21,144
DA:23,18
DA:24,0
DA:25,0
DA:28,0
DA:29,0
DA:31,0
DA:36,18
DA:39,18
DA:40,0
DA:41,0
DA:44,0
DA:45,0
DA:47,0
DA:52,18
DA:56,18
DA:69,18
DA:70,0
DA:72,18
DA:77,18
DA:78,18
DA:79,0
DA:83,18
DA:88,11
LF:31
LH:17
BRDA:15,0,0,0
BRDA:15,0,1,18
BRDA:23,1,0,0
BRDA:23,1,1,18
BRDA:28,2,0,0
BRDA:28,2,1,0
BRDA:39,3,0,0
BRDA:39,3,1,18
BRDA:44,4,0,0
BRDA:44,4,1,0
BRDA:69,5,0,0
BRDA:69,5,1,18
BRDA:78,6,0,0
BRDA:78,6,1,18
BRDA:78,7,0,18
BRDA:78,7,1,0
BRF:16
BRH:6
end_of_record
TN:
SF:utils/tokenGenerator.js
FN:13,(anonymous_0)
FN:32,(anonymous_1)
FN:42,(anonymous_2)
FNF:3
FNH:3
FNDA:137,(anonymous_0)
FNDA:52,(anonymous_1)
FNDA:8,(anonymous_2)
DA:1,3
DA:13,3
DA:14,137
DA:15,7
DA:19,130
DA:22,130
DA:24,130
DA:32,3
DA:33,52
DA:34,52
DA:42,3
DA:43,8
DA:44,1
DA:46,7
DA:47,7
DA:50,3
LF:16
LH:16
BRDA:14,0,0,7
BRDA:14,0,1,130
BRDA:14,1,0,137
BRDA:14,1,1,132
BRDA:43,2,0,1
BRDA:43,2,1,7
BRDA:43,3,0,8
BRDA:43,3,1,7
BRDA:47,4,0,5
BRDA:47,4,1,2
BRF:10
BRH:10
end_of_record
